<?xml version="1.0" encoding="UTF-8"?>
<testng-results ignored="0" total="6" passed="6" failed="0" skipped="0">
  <reporter-output>
  </reporter-output>
  <suite started-at="2025-07-11T05:33:45 UTC" name="Default suite" finished-at="2025-07-11T05:33:47 UTC" duration-ms="1568">
    <groups>
    </groups>
    <test started-at="2025-07-11T05:33:45 UTC" name="Default test" finished-at="2025-07-11T05:33:47 UTC" duration-ms="1568">
      <class name="testcase.logintestexcel">
        <test-method signature="loginTest(java.lang.String,java.lang.String)[pri:0, instance:testcase.logintestexcel@4facf68f]" started-at="2025-07-11T05:33:46 UTC" name="loginTest" data-provider="excelData" finished-at="2025-07-11T05:33:46 UTC" duration-ms="27" status="PASS">
          <params>
            <param index="0">
              <value>
                <![CDATA[kayal]]>
              </value>
            </param>
            <param index="1">
              <value>
                <![CDATA[Kayal@123]]>
              </value>
            </param>
          </params>
          <reporter-output>
          </reporter-output>
        </test-method> <!-- loginTest -->
        <test-method signature="loginTest(java.lang.String,java.lang.String)[pri:0, instance:testcase.logintestexcel@4facf68f]" started-at="2025-07-11T05:33:47 UTC" name="loginTest" data-provider="excelData" finished-at="2025-07-11T05:33:47 UTC" duration-ms="4" status="PASS">
          <params>
            <param index="0">
              <value>
                <![CDATA[student]]>
              </value>
            </param>
            <param index="1">
              <value>
                <![CDATA[Password123]]>
              </value>
            </param>
          </params>
          <reporter-output>
          </reporter-output>
        </test-method> <!-- loginTest -->
        <test-method signature="loginTest(java.lang.String,java.lang.String)[pri:0, instance:testcase.logintestexcel@4facf68f]" started-at="2025-07-11T05:33:47 UTC" name="loginTest" data-provider="excelData" finished-at="2025-07-11T05:33:47 UTC" duration-ms="8" status="PASS">
          <params>
            <param index="0">
              <value>
                <![CDATA[kabi]]>
              </value>
            </param>
            <param index="1">
              <value>
                <![CDATA[kabi@123]]>
              </value>
            </param>
          </params>
          <reporter-output>
          </reporter-output>
        </test-method> <!-- loginTest -->
        <test-method signature="loginTest(java.lang.String,java.lang.String)[pri:0, instance:testcase.logintestexcel@4facf68f]" started-at="2025-07-11T05:33:47 UTC" name="loginTest" data-provider="excelData" finished-at="2025-07-11T05:33:47 UTC" duration-ms="6" status="PASS">
          <params>
            <param index="0">
              <value>
                <![CDATA[kaviya]]>
              </value>
            </param>
            <param index="1">
              <value>
                <![CDATA[kav@12]]>
              </value>
            </param>
          </params>
          <reporter-output>
          </reporter-output>
        </test-method> <!-- loginTest -->
        <test-method signature="loginTest(java.lang.String,java.lang.String)[pri:0, instance:testcase.logintestexcel@4facf68f]" started-at="2025-07-11T05:33:47 UTC" name="loginTest" data-provider="excelData" finished-at="2025-07-11T05:33:47 UTC" duration-ms="5" status="PASS">
          <params>
            <param index="0">
              <value>
                <![CDATA[swetha]]>
              </value>
            </param>
            <param index="1">
              <value>
                <![CDATA[swe@12]]>
              </value>
            </param>
          </params>
          <reporter-output>
          </reporter-output>
        </test-method> <!-- loginTest -->
        <test-method signature="loginTest(java.lang.String,java.lang.String)[pri:0, instance:testcase.logintestexcel@4facf68f]" started-at="2025-07-11T05:33:47 UTC" name="loginTest" data-provider="excelData" finished-at="2025-07-11T05:33:47 UTC" duration-ms="7" status="PASS">
          <params>
            <param index="0">
              <value>
                <![CDATA[sowmi]]>
              </value>
            </param>
            <param index="1">
              <value>
                <![CDATA[so12]]>
              </value>
            </param>
          </params>
          <reporter-output>
          </reporter-output>
        </test-method> <!-- loginTest -->
      </class> <!-- testcase.logintestexcel -->
    </test> <!-- Default test -->
  </suite> <!-- Default suite -->
</testng-results>
