<?xml version="1.0" encoding="UTF-8"?>
<!-- Generated by org.testng.reporters.JUnitXMLReporter -->
<testsuite ignored="0" hostname="EC2AMAZ-1IC0RHB" failures="0" tests="6" name="Default test" time="1.568" errors="0" timestamp="2025-07-11T05:33:47 UTC">
  <testcase classname="testcase.logintestexcel" name="loginTest" time="0.027"/>
  <testcase classname="testcase.logintestexcel" name="loginTest" time="0.004"/>
  <testcase classname="testcase.logintestexcel" name="loginTest" time="0.008"/>
  <testcase classname="testcase.logintestexcel" name="loginTest" time="0.006"/>
  <testcase classname="testcase.logintestexcel" name="loginTest" time="0.005"/>
  <testcase classname="testcase.logintestexcel" name="loginTest" time="0.007"/>
</testsuite> <!-- Default test -->
